Error: connect ECONNREFUSED 97.81.235.160:8080
    at TCPConnectWrap.afterConnect [as oncomplete] (node:net:1158:16)

Error: connect ECONNREFUSED 97.81.235.160:8080
    at TCPConnectWrap.afterConnect [as oncomplete] (node:net:1158:16)

TypeError: Cannot read properties of undefined (reading 'indexOf')
    at ServerResponse.contentType (D:\Games\javascript\The1WeirdDevs_Website\node_modules\express\lib\response.js:600:17)
    at ClientRequest.<anonymous> (D:\Games\javascript\The1WeirdDevs_Website\src\index.js:128:22)
    at Object.onceWrapper (node:events:642:26)
    at ClientRequest.emit (node:events:527:28)
    at HTTPParser.parserOnIncomingClient [as onIncoming] (node:_http_client:618:27)
    at HTTPParser.parserOnHeadersComplete (node:_http_common:128:17)
    at TLSSocket.socketOnData (node:_http_client:482:22)
    at TLSSocket.emit (node:events:527:28)
    at addChunk (node:internal/streams/readable:324:12)
    at readableAddChunk (node:internal/streams/readable:297:9)

TypeError: clientRequest.url.splice is not a function
    at ClientRequest.<anonymous> (D:\Games\javascript\The1WeirdDevs_Website\src\index.js:125:31)
    at Object.onceWrapper (node:events:642:26)
    at ClientRequest.emit (node:events:527:28)
    at HTTPParser.parserOnIncomingClient [as onIncoming] (node:_http_client:618:27)
    at HTTPParser.parserOnHeadersComplete (node:_http_common:128:17)
    at TLSSocket.socketOnData (node:_http_client:482:22)
    at TLSSocket.emit (node:events:527:28)
    at addChunk (node:internal/streams/readable:324:12)
    at readableAddChunk (node:internal/streams/readable:297:9)
    at TLSSocket.Readable.push (node:internal/streams/readable:234:10)

TypeError: Cannot read properties of undefined (reading 'indexOf')
    at ServerResponse.contentType (D:\Games\javascript\The1WeirdDevs_Website\node_modules\express\lib\response.js:600:17)
    at ClientRequest.<anonymous> (D:\Games\javascript\The1WeirdDevs_Website\src\index.js:126:24)
    at Object.onceWrapper (node:events:642:26)
    at ClientRequest.emit (node:events:527:28)
    at HTTPParser.parserOnIncomingClient [as onIncoming] (node:_http_client:618:27)
    at HTTPParser.parserOnHeadersComplete (node:_http_common:128:17)
    at Socket.socketOnData (node:_http_client:482:22)
    at Socket.emit (node:events:527:28)
    at addChunk (node:internal/streams/readable:324:12)
    at readableAddChunk (node:internal/streams/readable:297:9)

TypeError: Cannot read properties of undefined (reading 'indexOf')
    at ServerResponse.contentType (D:\Games\javascript\The1WeirdDevs_Website\node_modules\express\lib\response.js:600:17)
    at ClientRequest.<anonymous> (D:\Games\javascript\The1WeirdDevs_Website\src\index.js:126:24)
    at Object.onceWrapper (node:events:642:26)
    at ClientRequest.emit (node:events:527:28)
    at HTTPParser.parserOnIncomingClient [as onIncoming] (node:_http_client:618:27)
    at HTTPParser.parserOnHeadersComplete (node:_http_common:128:17)
    at Socket.socketOnData (node:_http_client:482:22)
    at Socket.emit (node:events:527:28)
    at addChunk (node:internal/streams/readable:324:12)
    at readableAddChunk (node:internal/streams/readable:297:9)

TypeError: Cannot read properties of undefined (reading 'indexOf')
    at ServerResponse.contentType (D:\Games\javascript\The1WeirdDevs_Website\node_modules\express\lib\response.js:600:17)
    at ClientRequest.<anonymous> (D:\Games\javascript\The1WeirdDevs_Website\src\index.js:126:24)
    at Object.onceWrapper (node:events:642:26)
    at ClientRequest.emit (node:events:527:28)
    at HTTPParser.parserOnIncomingClient [as onIncoming] (node:_http_client:618:27)
    at HTTPParser.parserOnHeadersComplete (node:_http_common:128:17)
    at Socket.socketOnData (node:_http_client:482:22)
    at Socket.emit (node:events:527:28)
    at addChunk (node:internal/streams/readable:324:12)
    at readableAddChunk (node:internal/streams/readable:297:9)

TypeError: Cannot read properties of undefined (reading 'indexOf')
    at ServerResponse.contentType (D:\Games\javascript\The1WeirdDevs_Website\node_modules\express\lib\response.js:600:17)
    at ClientRequest.<anonymous> (D:\Games\javascript\The1WeirdDevs_Website\src\index.js:126:24)
    at Object.onceWrapper (node:events:642:26)
    at ClientRequest.emit (node:events:527:28)
    at HTTPParser.parserOnIncomingClient [as onIncoming] (node:_http_client:618:27)
    at HTTPParser.parserOnHeadersComplete (node:_http_common:128:17)
    at Socket.socketOnData (node:_http_client:482:22)
    at Socket.emit (node:events:527:28)
    at addChunk (node:internal/streams/readable:324:12)
    at readableAddChunk (node:internal/streams/readable:297:9)

TypeError: Cannot read properties of undefined (reading 'indexOf')
    at ServerResponse.contentType (D:\Games\javascript\The1WeirdDevs_Website\node_modules\express\lib\response.js:600:17)
    at ClientRequest.<anonymous> (D:\Games\javascript\The1WeirdDevs_Website\src\index.js:131:24)
    at Object.onceWrapper (node:events:642:26)
    at ClientRequest.emit (node:events:527:28)
    at HTTPParser.parserOnIncomingClient [as onIncoming] (node:_http_client:618:27)
    at HTTPParser.parserOnHeadersComplete (node:_http_common:128:17)
    at Socket.socketOnData (node:_http_client:482:22)
    at Socket.emit (node:events:527:28)
    at addChunk (node:internal/streams/readable:324:12)
    at readableAddChunk (node:internal/streams/readable:297:9)

Error: getaddrinfo ENOTFOUND https://www.google.com/
    at GetAddrInfoReqWrap.onlookup [as oncomplete] (node:dns:72:26)

Error: getaddrinfo ENOTFOUND www.google.com/
    at GetAddrInfoReqWrap.onlookup [as oncomplete] (node:dns:72:26)

