Error [ERR_HTTP_HEADERS_SENT]: Cannot set headers after they are sent to the client
    at new NodeError (node:internal/errors:372:5)
    at ServerResponse.setHeader (node:_http_outgoing:576:11)
    at ServerResponse.writeHead (node:_http_server:306:21)
    at D:\Games\javascript\The1WeirdDevs_Website\index.js:137:24
    at FSReqCallback.readFileAfterClose [as oncomplete] (node:internal/fs/read_file_context:68:3)

Error [ERR_HTTP_HEADERS_SENT]: Cannot set headers after they are sent to the client
    at new NodeError (node:internal/errors:372:5)
    at ServerResponse.setHeader (node:_http_outgoing:576:11)
    at ServerResponse.writeHead (node:_http_server:306:21)
    at D:\Games\javascript\The1WeirdDevs_Website\index.js:137:24
    at FSReqCallback.readFileAfterClose [as oncomplete] (node:internal/fs/read_file_context:68:3)

Error [ERR_HTTP_HEADERS_SENT]: Cannot set headers after they are sent to the client
    at new NodeError (node:internal/errors:372:5)
    at ServerResponse.setHeader (node:_http_outgoing:576:11)
    at ServerResponse.writeHead (node:_http_server:306:21)
    at D:\Games\javascript\The1WeirdDevs_Website\index.js:137:24
    at FSReqCallback.readFileAfterClose [as oncomplete] (node:internal/fs/read_file_context:68:3)

Error [ERR_HTTP_HEADERS_SENT]: Cannot set headers after they are sent to the client
    at new NodeError (node:internal/errors:372:5)
    at ServerResponse.setHeader (node:_http_outgoing:576:11)
    at ServerResponse.writeHead (node:_http_server:306:21)
    at D:\Games\javascript\The1WeirdDevs_Website\index.js:137:24
    at FSReqCallback.readFileAfterClose [as oncomplete] (node:internal/fs/read_file_context:68:3)

Error [ERR_HTTP_HEADERS_SENT]: Cannot set headers after they are sent to the client
    at new NodeError (node:internal/errors:372:5)
    at ServerResponse.setHeader (node:_http_outgoing:576:11)
    at ServerResponse.writeHead (node:_http_server:306:21)
    at D:\Games\javascript\The1WeirdDevs_Website\index.js:137:24
    at FSReqCallback.readFileAfterClose [as oncomplete] (node:internal/fs/read_file_context:68:3)

Error [ERR_HTTP_HEADERS_SENT]: Cannot set headers after they are sent to the client
    at new NodeError (node:internal/errors:372:5)
    at ServerResponse.setHeader (node:_http_outgoing:576:11)
    at ServerResponse.writeHead (node:_http_server:306:21)
    at D:\Games\javascript\The1WeirdDevs_Website\index.js:140:24
    at FSReqCallback.readFileAfterClose [as oncomplete] (node:internal/fs/read_file_context:68:3)

Error [ERR_HTTP_HEADERS_SENT]: Cannot set headers after they are sent to the client
    at new NodeError (node:internal/errors:372:5)
    at ServerResponse.setHeader (node:_http_outgoing:576:11)
    at ServerResponse.writeHead (node:_http_server:306:21)
    at D:\Games\javascript\The1WeirdDevs_Website\index.js:140:24
    at FSReqCallback.readFileAfterClose [as oncomplete] (node:internal/fs/read_file_context:68:3)

TypeError [ERR_INVALID_HTTP_TOKEN]: Header name must be a valid HTTP token ["200"]
    at ServerResponse.setHeader (node:_http_outgoing:578:3)
    at D:\Games\javascript\The1WeirdDevs_Website\index.js:140:24
    at FSReqCallback.readFileAfterClose [as oncomplete] (node:internal/fs/read_file_context:68:3)

Error [ERR_HTTP_HEADERS_SENT]: Cannot set headers after they are sent to the client
    at new NodeError (node:internal/errors:372:5)
    at ServerResponse.setHeader (node:_http_outgoing:576:11)
    at ServerResponse.writeHead (node:_http_server:306:21)
    at D:\Games\javascript\The1WeirdDevs_Website\index.js:141:24
    at FSReqCallback.readFileAfterClose [as oncomplete] (node:internal/fs/read_file_context:68:3)

Error [ERR_HTTP_HEADERS_SENT]: Cannot set headers after they are sent to the client
    at new NodeError (node:internal/errors:372:5)
    at ServerResponse.setHeader (node:_http_outgoing:576:11)
    at ServerResponse.writeHead (node:_http_server:306:21)
    at D:\Games\javascript\The1WeirdDevs_Website\index.js:141:24
    at FSReqCallback.readFileAfterClose [as oncomplete] (node:internal/fs/read_file_context:68:3)

Error [ERR_HTTP_HEADERS_SENT]: Cannot render headers after they are sent to the client
    at new NodeError (node:internal/errors:372:5)
    at ServerResponse.writeHead (node:_http_server:310:13)
    at ReadFileContext.callback (D:\Games\javascript\The1WeirdDevs_Website\index.js:138:24)
    at FSReqCallback.readFileAfterOpen [as oncomplete] (node:fs:314:13)

Error [ERR_HTTP_HEADERS_SENT]: Cannot render headers after they are sent to the client
    at new NodeError (node:internal/errors:372:5)
    at ServerResponse.writeHead (node:_http_server:310:13)
    at ReadFileContext.callback (D:\Games\javascript\The1WeirdDevs_Website\index.js:138:24)
    at FSReqCallback.readFileAfterOpen [as oncomplete] (node:fs:314:13)

Error [ERR_HTTP_HEADERS_SENT]: Cannot render headers after they are sent to the client
    at new NodeError (node:internal/errors:372:5)
    at ServerResponse.writeHead (node:_http_server:310:13)
    at ReadFileContext.callback (D:\Games\javascript\The1WeirdDevs_Website\index.js:138:24)
    at FSReqCallback.readFileAfterOpen [as oncomplete] (node:fs:314:13)

Error [ERR_HTTP_HEADERS_SENT]: Cannot render headers after they are sent to the client
    at new NodeError (node:internal/errors:372:5)
    at ServerResponse.writeHead (node:_http_server:310:13)
    at ReadFileContext.callback (D:\Games\javascript\The1WeirdDevs_Website\index.js:138:24)
    at FSReqCallback.readFileAfterOpen [as oncomplete] (node:fs:314:13)

Error [ERR_HTTP_HEADERS_SENT]: Cannot set headers after they are sent to the client
    at new NodeError (node:internal/errors:372:5)
    at ServerResponse.setHeader (node:_http_outgoing:576:11)
    at ServerResponse.writeHead (node:_http_server:306:21)
    at D:\Games\javascript\The1WeirdDevs_Website\index.js:157:24
    at FSReqCallback.readFileAfterClose [as oncomplete] (node:internal/fs/read_file_context:68:3)

Error: listen EADDRINUSE: address already in use 0.0.0.0:8080
    at Server.setupListenHandle [as _listen2] (node:net:1331:16)
    at listenInCluster (node:net:1379:12)
    at doListen (node:net:1518:7)
    at processTicksAndRejections (node:internal/process/task_queues:84:21)

Error: listen EADDRINUSE: address already in use 0.0.0.0:8080
    at Server.setupListenHandle [as _listen2] (node:net:1331:16)
    at listenInCluster (node:net:1379:12)
    at doListen (node:net:1518:7)
    at processTicksAndRejections (node:internal/process/task_queues:84:21)

Error: listen EADDRINUSE: address already in use 0.0.0.0:8080
    at Server.setupListenHandle [as _listen2] (node:net:1331:16)
    at listenInCluster (node:net:1379:12)
    at doListen (node:net:1518:7)
    at processTicksAndRejections (node:internal/process/task_queues:84:21)

